<?xml version="1.0" encoding="UTF-8"?>
<!-- Generated by org.testng.reporters.JUnitReportReporter -->
<testsuite hostname="DESKTOP-AO6R1E1" failures="0" tests="6" name="api.test.DDTests" time="16.611" errors="0" timestamp="2024-01-23T23:30:30 IST" skipped="0">
  <testcase classname="api.test.DDTests" name="testPostUser" time="1.564"/>
  <testcase classname="api.test.DDTests" name="testPostUser" time="1.523"/>
  <testcase classname="api.test.DDTests" name="testPostUser" time="8.991"/>
  <testcase classname="api.test.DDTests" name="testDeleteUserByName" time="1.463"/>
  <testcase classname="api.test.DDTests" name="testDeleteUserByName" time="1.513"/>
  <testcase classname="api.test.DDTests" name="testDeleteUserByName" time="1.557"/>
</testsuite> <!-- api.test.DDTests -->
