<?xml version="1.0" encoding="UTF-8"?>
<!-- Generated by org.testng.reporters.JUnitReportReporter -->
<testsuite hostname="DESKTOP-AO6R1E1" failures="0" tests="4" name="api.test.UserTests" time="9.609" errors="0" timestamp="2024-01-24T23:05:26 IST" skipped="0">
  <testcase classname="api.test.UserTests" name="testPostUser" time="4.766"/>
  <testcase classname="api.test.UserTests" name="testGetUserByName" time="1.366"/>
  <testcase classname="api.test.UserTests" name="testUpdateUserByName" time="2.363"/>
  <testcase classname="api.test.UserTests" name="testDeleteUserByName" time="1.114"/>
</testsuite> <!-- api.test.UserTests -->
