<?xml version="1.0" encoding="UTF-8"?>
<!-- Generated by org.testng.reporters.JUnitReportReporter -->
<testsuite hostname="DESKTOP-AO6R1E1" failures="0" tests="1" name="com.qa.rest.tests.GetCallBDD" time="3.840" errors="0" timestamp="2024-01-23T00:20:36 IST" skipped="0">
  <testcase classname="com.qa.rest.tests.GetCallBDD" name="test_numberofCircuitsFor2017_Season" time="3.840"/>
</testsuite> <!-- com.qa.rest.tests.GetCallBDD -->
