<?xml version="1.0" encoding="UTF-8"?>
<!-- Generated by org.testng.reporters.JUnitReportReporter -->
<testsuite hostname="DESKTOP-AO6R1E1" failures="0" tests="6" name="api.test.DDTests" time="14.906" errors="0" timestamp="2024-01-24T23:39:55 IST" skipped="0">
  <testcase classname="api.test.DDTests" name="testPostUser" time="1.056"/>
  <testcase classname="api.test.DDTests" name="testPostUser" time="1.035"/>
  <testcase classname="api.test.DDTests" name="testPostUser" time="9.314"/>
  <testcase classname="api.test.DDTests" name="testDeleteUserByName" time="1.054"/>
  <testcase classname="api.test.DDTests" name="testDeleteUserByName" time="1.118"/>
  <testcase classname="api.test.DDTests" name="testDeleteUserByName" time="1.329"/>
</testsuite> <!-- api.test.DDTests -->
